<?xml version="1.0" encoding="UTF-8"?>
<testng-results skipped="0" failed="0" ignored="0" total="1" passed="1">
  <reporter-output>
  </reporter-output>
  <suite name="Surefire suite" duration-ms="3644" started-at="2018-10-07T17:36:10Z" finished-at="2018-10-07T17:36:14Z">
    <groups>
    </groups>
    <test name="Surefire test" duration-ms="3644" started-at="2018-10-07T17:36:10Z" finished-at="2018-10-07T17:36:14Z">
      <class name="com.jenkins.maven1.AppTest">
        <test-method status="PASS" signature="test()[pri:0, instance:com.jenkins.maven1.AppTest@6b143ee9]" name="test" duration-ms="3630" started-at="2018-10-07T17:36:10Z" finished-at="2018-10-07T17:36:14Z">
          <reporter-output>
          </reporter-output>
        </test-method> <!-- test -->
      </class> <!-- com.jenkins.maven1.AppTest -->
    </test> <!-- Surefire test -->
  </suite> <!-- Surefire suite -->
</testng-results>
